<?xml version="1.0" encoding="UTF-8"?>
<!-- Generated by org.testng.reporters.JUnitXMLReporter -->
<testsuite hostname="ttuser10-Lenovo-S510" ignored="0" name="Test" tests="1" failures="1" timestamp="20 Sep 2018 05:53:09 GMT" time="54.654" errors="0">
  <testcase name="OnewayGDSConnectingFlight" time="48.139" classname="ScenarioBasedFlightScripts.FlyDubaiBook">
    <failure type="org.openqa.selenium.NoSuchElementException" message="Cannot locate element with text: 
For documentation on this error, please visit: http://seleniumhq.org/exceptions/no_such_element.html
Build info: version: &amp;apos;3.4.0&amp;apos;, revision: &amp;apos;unknown&amp;apos;, time: &amp;apos;unknown&amp;apos;
System info: host: &amp;apos;ttuser10-Lenovo-S510&amp;apos;, ip: &amp;apos;127.0.1.1&amp;apos;, os.name: &amp;apos;Linux&amp;apos;, os.arch: &amp;apos;amd64&amp;apos;, os.version: &amp;apos;4.10.0-42-generic&amp;apos;, java.version: &amp;apos;1.8.0_162&amp;apos;
Driver info: driver.version: unknown">
      <![CDATA[org.openqa.selenium.NoSuchElementException: Cannot locate element with text: 
For documentation on this error, please visit: http://seleniumhq.org/exceptions/no_such_element.html
Build info: version: '3.4.0', revision: 'unknown', time: 'unknown'
System info: host: 'ttuser10-Lenovo-S510', ip: '127.0.1.1', os.name: 'Linux', os.arch: 'amd64', os.version: '4.10.0-42-generic', java.version: '1.8.0_162'
Driver info: driver.version: unknown
at org.openqa.selenium.support.ui.Select.selectByVisibleText(Select.java:151)
at satguru.generic.DropdownLib.Choosebytext(DropdownLib.java:16)
at satguru.generic.DropdownLib.SelectByTextFromDropdown(DropdownLib.java:27)
at satguru.pageobjects.BasePage.BranchBooking(BasePage.java:56)
at ScenarioBasedFlightScripts.FlyDubaiBook.OnewayGDSConnectingFlight(FlyDubaiBook.java:33)
... Removed 25 stack frames]]>
    </failure>
  </testcase> <!-- OnewayGDSConnectingFlight -->
</testsuite> <!-- Test -->
