<?xml version="1.0" encoding="UTF-8"?>
<testng-results skipped="0" failed="1" ignored="0" total="1" passed="0">
  <reporter-output>
    <line>
      <![CDATA[Chrome launched]]>
    </line>
    <line>
      <![CDATA[Navigating to the test URL]]>
    </line>
    <line>
      <![CDATA[Script failed]]>
    </line>
    <line>
      <![CDATA[screenshot has been taken]]>
    </line>
    <line>
      <![CDATA[Browser closed]]>
    </line>
  </reporter-output>
  <suite name="Suite" duration-ms="54654" started-at="2018-09-20T05:52:14Z" finished-at="2018-09-20T05:53:09Z">
    <groups>
    </groups>
    <test name="Test" duration-ms="54654" started-at="2018-09-20T05:52:14Z" finished-at="2018-09-20T05:53:09Z">
      <class name="ScenarioBasedFlightScripts.FlyDubaiBook">
        <test-method status="PASS" signature="preCondition(java.lang.String)[pri:0, instance:ScenarioBasedFlightScripts.FlyDubaiBook@4b553d26]" name="preCondition" is-config="true" duration-ms="6316" started-at="2018-09-20T05:52:14Z" finished-at="2018-09-20T05:52:21Z">
          <params>
            <param index="0">
              <value>
                <![CDATA[chrome]]>
              </value>
            </param>
          </params>
          <reporter-output>
            <line>
              <![CDATA[Chrome launched]]>
            </line>
            <line>
              <![CDATA[Navigating to the test URL]]>
            </line>
          </reporter-output>
        </test-method> <!-- preCondition -->
        <test-method status="FAIL" signature="OnewayGDSConnectingFlight()[pri:0, instance:ScenarioBasedFlightScripts.FlyDubaiBook@4b553d26]" name="OnewayGDSConnectingFlight" duration-ms="48139" started-at="2018-09-20T05:52:21Z" finished-at="2018-09-20T05:53:09Z">
          <exception class="org.openqa.selenium.NoSuchElementException">
            <message>
              <![CDATA[Cannot locate element with text: 
For documentation on this error, please visit: http://seleniumhq.org/exceptions/no_such_element.html
Build info: version: '3.4.0', revision: 'unknown', time: 'unknown'
System info: host: 'ttuser10-Lenovo-S510', ip: '127.0.1.1', os.name: 'Linux', os.arch: 'amd64', os.version: '4.10.0-42-generic', java.version: '1.8.0_162'
Driver info: driver.version: unknown]]>
            </message>
            <full-stacktrace>
              <![CDATA[org.openqa.selenium.NoSuchElementException: Cannot locate element with text: 
For documentation on this error, please visit: http://seleniumhq.org/exceptions/no_such_element.html
Build info: version: '3.4.0', revision: 'unknown', time: 'unknown'
System info: host: 'ttuser10-Lenovo-S510', ip: '127.0.1.1', os.name: 'Linux', os.arch: 'amd64', os.version: '4.10.0-42-generic', java.version: '1.8.0_162'
Driver info: driver.version: unknown
at org.openqa.selenium.support.ui.Select.selectByVisibleText(Select.java:151)
at satguru.generic.DropdownLib.Choosebytext(DropdownLib.java:16)
at satguru.generic.DropdownLib.SelectByTextFromDropdown(DropdownLib.java:27)
at satguru.pageobjects.BasePage.BranchBooking(BasePage.java:56)
at ScenarioBasedFlightScripts.FlyDubaiBook.OnewayGDSConnectingFlight(FlyDubaiBook.java:33)
at sun.reflect.NativeMethodAccessorImpl.invoke0(Native Method)
at sun.reflect.NativeMethodAccessorImpl.invoke(NativeMethodAccessorImpl.java:62)
at sun.reflect.DelegatingMethodAccessorImpl.invoke(DelegatingMethodAccessorImpl.java:43)
at java.lang.reflect.Method.invoke(Method.java:498)
at org.testng.internal.MethodInvocationHelper.invokeMethod(MethodInvocationHelper.java:124)
at org.testng.internal.Invoker.invokeMethod(Invoker.java:583)
at org.testng.internal.Invoker.invokeTestMethod(Invoker.java:719)
at org.testng.internal.Invoker.invokeTestMethods(Invoker.java:989)
at org.testng.internal.TestMethodWorker.invokeTestMethods(TestMethodWorker.java:125)
at org.testng.internal.TestMethodWorker.run(TestMethodWorker.java:109)
at org.testng.TestRunner.privateRun(TestRunner.java:648)
at org.testng.TestRunner.run(TestRunner.java:505)
at org.testng.SuiteRunner.runTest(SuiteRunner.java:455)
at org.testng.SuiteRunner.runSequentially(SuiteRunner.java:450)
at org.testng.SuiteRunner.privateRun(SuiteRunner.java:415)
at org.testng.SuiteRunner.run(SuiteRunner.java:364)
at org.testng.SuiteRunnerWorker.runSuite(SuiteRunnerWorker.java:52)
at org.testng.SuiteRunnerWorker.run(SuiteRunnerWorker.java:84)
at org.testng.TestNG.runSuitesSequentially(TestNG.java:1208)
at org.testng.TestNG.runSuitesLocally(TestNG.java:1137)
at org.testng.TestNG.runSuites(TestNG.java:1049)
at org.testng.TestNG.run(TestNG.java:1017)
at org.testng.remote.AbstractRemoteTestNG.run(AbstractRemoteTestNG.java:114)
at org.testng.remote.RemoteTestNG.initAndRun(RemoteTestNG.java:251)
at org.testng.remote.RemoteTestNG.main(RemoteTestNG.java:77)
]]>
            </full-stacktrace>
          </exception> <!-- org.openqa.selenium.NoSuchElementException -->
          <reporter-output>
          </reporter-output>
        </test-method> <!-- OnewayGDSConnectingFlight -->
        <test-method status="PASS" signature="postCondition(org.testng.ITestResult)[pri:0, instance:ScenarioBasedFlightScripts.FlyDubaiBook@4b553d26]" name="postCondition" is-config="true" duration-ms="172" started-at="2018-09-20T05:53:09Z" finished-at="2018-09-20T05:53:09Z">
          <params>
            <param index="0">
              <value>
                <![CDATA[[TestResult name=OnewayGDSConnectingFlight status=FAILURE method=FlyDubaiBook.OnewayGDSConnectingFlight()[pri:0, instance:ScenarioBasedFlightScripts.FlyDubaiBook@4b553d26] output={null}]]]>
              </value>
            </param>
          </params>
          <reporter-output>
            <line>
              <![CDATA[Script failed]]>
            </line>
            <line>
              <![CDATA[screenshot has been taken]]>
            </line>
            <line>
              <![CDATA[Browser closed]]>
            </line>
          </reporter-output>
        </test-method> <!-- postCondition -->
      </class> <!-- ScenarioBasedFlightScripts.FlyDubaiBook -->
    </test> <!-- Test -->
  </suite> <!-- Suite -->
</testng-results>
