<?xml version="1.0" encoding="UTF-8"?>
<!-- Generated by org.testng.reporters.JUnitReportReporter -->
<testsuite skipped="0" hostname="ttuser10-Lenovo-S510" name="ScenarioBasedRoundTrip.AirArabiaROundMealNBaggage" tests="1" failures="0" timestamp="18 Jul 2018 10:44:29 GMT" time="152.356" errors="1">
  <testcase name="RoundConnectingFlight" time="152.356" classname="ScenarioBasedRoundTrip.AirArabiaROundMealNBaggage">
    <error type="org.openqa.selenium.WebDriverException" message="unknown error: Element &lt;select data-ng-if=&quot;SSRService.onwardMealServiceList[0].mealOptionList!=null&quot; name=&quot;onwardSpecialServiceMeal[0]&quot; id=&quot;meal0_0&quot; data-ng-model=&quot;meal[rowIndex][$index]&quot; data-ng-click=&quot;getPrevValue($event);&quot; data-ng-change=&quot;changeMeal(meal[rowIndex][$index],rowIndex,$index)&quot; data-ng-init=&quot;meal[rowIndex][$index]?&#039;&#039;:meal[rowIndex][$index]=&#039;&#039;&quot; class=&quot;ng-pristine ng-untouched ng-valid ng-scope&quot;&gt;...&lt;/select&gt; is not clickable at point (269, 328). Other element would receive the click: &lt;div class=&quot;row_mealConnect ng-scope&quot; data-ng-if=&quot;SSRService.onwardMealServiceList!=null &amp;amp;&amp;amp; SSRService.onwardMealServiceList!=&#039;null&#039; &amp;amp;&amp;amp; SSRService.onwardMealServiceList!=&#039;&#039; &amp;amp;&amp;amp; SSRService.onwardMealServiceList.length&gt;0&quot;&gt;...&lt;/div&gt;
  (Session info: chrome=67.0.3396.99)
  (Driver info: chromedriver=2.36.540471 (9c759b81a907e70363c6312294d30b6ccccc2752),platform=Linux 4.10.0-42-generic x86_64) (WARNING: The server did not provide any stacktrace information)
Command duration or timeout: 82 milliseconds
Build info: version: &#039;3.4.0&#039;, revision: &#039;unknown&#039;, time: &#039;unknown&#039;
System info: host: &#039;ttuser10-Lenovo-S510&#039;, ip: &#039;127.0.1.1&#039;, os.name: &#039;Linux&#039;, os.arch: &#039;amd64&#039;, os.version: &#039;4.10.0-42-generic&#039;, java.version: &#039;1.8.0_162&#039;
Driver info: org.openqa.selenium.chrome.ChromeDriver
Capabilities [{applicationCacheEnabled=false, rotatable=false, mobileEmulationEnabled=false, networkConnectionEnabled=false, chrome={chromedriverVersion=2.36.540471 (9c759b81a907e70363c6312294d30b6ccccc2752), userDataDir=/tmp/.org.chromium.Chromium.e1p0pe}, takesHeapSnapshot=true, pageLoadStrategy=normal, databaseEnabled=false, handlesAlerts=true, hasTouchScreen=false, version=67.0.3396.99, platform=LINUX, browserConnectionEnabled=false, nativeEvents=true, acceptSslCerts=false, acceptInsecureCerts=false, locationContextEnabled=true, webStorageEnabled=true, browserName=chrome, takesScreenshot=true, javascriptEnabled=true, cssSelectorsEnabled=true, setWindowRect=true, unexpectedAlertBehaviour=}]
Session ID: 7401b7b676f63d5a03e2299478e25ff9">
      <![CDATA[org.openqa.selenium.WebDriverException: unknown error: Element <select data-ng-if="SSRService.onwardMealServiceList[0].mealOptionList!=null" name="onwardSpecialServiceMeal[0]" id="meal0_0" data-ng-model="meal[rowIndex][$index]" data-ng-click="getPrevValue($event);" data-ng-change="changeMeal(meal[rowIndex][$index],rowIndex,$index)" data-ng-init="meal[rowIndex][$index]?'':meal[rowIndex][$index]=''" class="ng-pristine ng-untouched ng-valid ng-scope">...</select> is not clickable at point (269, 328). Other element would receive the click: <div class="row_mealConnect ng-scope" data-ng-if="SSRService.onwardMealServiceList!=null &amp;&amp; SSRService.onwardMealServiceList!='null' &amp;&amp; SSRService.onwardMealServiceList!='' &amp;&amp; SSRService.onwardMealServiceList.length>0">...</div>
  (Session info: chrome=67.0.3396.99)
  (Driver info: chromedriver=2.36.540471 (9c759b81a907e70363c6312294d30b6ccccc2752),platform=Linux 4.10.0-42-generic x86_64) (WARNING: The server did not provide any stacktrace information)
Command duration or timeout: 82 milliseconds
Build info: version: '3.4.0', revision: 'unknown', time: 'unknown'
System info: host: 'ttuser10-Lenovo-S510', ip: '127.0.1.1', os.name: 'Linux', os.arch: 'amd64', os.version: '4.10.0-42-generic', java.version: '1.8.0_162'
Driver info: org.openqa.selenium.chrome.ChromeDriver
Capabilities [{applicationCacheEnabled=false, rotatable=false, mobileEmulationEnabled=false, networkConnectionEnabled=false, chrome={chromedriverVersion=2.36.540471 (9c759b81a907e70363c6312294d30b6ccccc2752), userDataDir=/tmp/.org.chromium.Chromium.e1p0pe}, takesHeapSnapshot=true, pageLoadStrategy=normal, databaseEnabled=false, handlesAlerts=true, hasTouchScreen=false, version=67.0.3396.99, platform=LINUX, browserConnectionEnabled=false, nativeEvents=true, acceptSslCerts=false, acceptInsecureCerts=false, locationContextEnabled=true, webStorageEnabled=true, browserName=chrome, takesScreenshot=true, javascriptEnabled=true, cssSelectorsEnabled=true, setWindowRect=true, unexpectedAlertBehaviour=}]
Session ID: 7401b7b676f63d5a03e2299478e25ff9
at sun.reflect.NativeConstructorAccessorImpl.newInstance0(Native Method)
at sun.reflect.NativeConstructorAccessorImpl.newInstance(NativeConstructorAccessorImpl.java:62)
at sun.reflect.DelegatingConstructorAccessorImpl.newInstance(DelegatingConstructorAccessorImpl.java:45)
at java.lang.reflect.Constructor.newInstance(Constructor.java:423)
at org.openqa.selenium.remote.ErrorHandler.createThrowable(ErrorHandler.java:215)
at org.openqa.selenium.remote.ErrorHandler.throwIfResponseFailed(ErrorHandler.java:167)
at org.openqa.selenium.remote.RemoteWebDriver.execute(RemoteWebDriver.java:671)
at org.openqa.selenium.remote.RemoteWebElement.execute(RemoteWebElement.java:272)
at org.openqa.selenium.remote.RemoteWebElement.click(RemoteWebElement.java:82)
at sun.reflect.GeneratedMethodAccessor1.invoke(Unknown Source)
at sun.reflect.DelegatingMethodAccessorImpl.invoke(DelegatingMethodAccessorImpl.java:43)
at java.lang.reflect.Method.invoke(Method.java:498)
at org.openqa.selenium.support.pagefactory.internal.LocatingElementHandler.invoke(LocatingElementHandler.java:51)
at com.sun.proxy.$Proxy8.click(Unknown Source)
at Portal.Pageobjects.flights.PassenegerDetailsPage.SelectBaggageMealAdult1(PassenegerDetailsPage.java:171)
at ScenarioBasedRoundTrip.AirArabiaROundMealNBaggage.RoundConnectingFlight(AirArabiaROundMealNBaggage.java:61)
at sun.reflect.NativeMethodAccessorImpl.invoke0(Native Method)
at sun.reflect.NativeMethodAccessorImpl.invoke(NativeMethodAccessorImpl.java:62)
at sun.reflect.DelegatingMethodAccessorImpl.invoke(DelegatingMethodAccessorImpl.java:43)
at java.lang.reflect.Method.invoke(Method.java:498)
at org.testng.internal.MethodInvocationHelper.invokeMethod(MethodInvocationHelper.java:124)
at org.testng.internal.Invoker.invokeMethod(Invoker.java:583)
at org.testng.internal.Invoker.invokeTestMethod(Invoker.java:719)
at org.testng.internal.Invoker.invokeTestMethods(Invoker.java:989)
at org.testng.internal.TestMethodWorker.invokeTestMethods(TestMethodWorker.java:125)
at org.testng.internal.TestMethodWorker.run(TestMethodWorker.java:109)
at org.testng.TestRunner.privateRun(TestRunner.java:648)
at org.testng.TestRunner.run(TestRunner.java:505)
at org.testng.SuiteRunner.runTest(SuiteRunner.java:455)
at org.testng.SuiteRunner.runSequentially(SuiteRunner.java:450)
at org.testng.SuiteRunner.privateRun(SuiteRunner.java:415)
at org.testng.SuiteRunner.run(SuiteRunner.java:364)
at org.testng.SuiteRunnerWorker.runSuite(SuiteRunnerWorker.java:52)
at org.testng.SuiteRunnerWorker.run(SuiteRunnerWorker.java:84)
at org.testng.TestNG.runSuitesSequentially(TestNG.java:1208)
at org.testng.TestNG.runSuitesLocally(TestNG.java:1137)
at org.testng.TestNG.runSuites(TestNG.java:1049)
at org.testng.TestNG.run(TestNG.java:1017)
at org.testng.remote.AbstractRemoteTestNG.run(AbstractRemoteTestNG.java:114)
at org.testng.remote.RemoteTestNG.initAndRun(RemoteTestNG.java:251)
at org.testng.remote.RemoteTestNG.main(RemoteTestNG.java:77)
]]>
    </error>
  </testcase> <!-- RoundConnectingFlight -->
</testsuite> <!-- ScenarioBasedRoundTrip.AirArabiaROundMealNBaggage -->
